Drill report for //Mac/Dev/digiTOS-COMOD-SinBoard-CODE-GIT/PCB/RevB/digiTOS-COMOD-SinBoard-routed-2.kicad_pcb
Created on 02/01/2019 13:44:09

Copper Layer Stackup:
    =============================================================
    L1 :  F.Cu                      front
    L2 :  B.Cu                      back


Drill file 'digiTOS-COMOD-SinBoard-routed-2-PTH-drl.gbr' contains
    plated through holes:
    =============================================================
    T1  0.76mm  0.030"  (1 hole)
    T2  0.80mm  0.031"  (33 holes)
    T3  0.81mm  0.032"  (4 holes)
    T4  0.90mm  0.035"  (111 holes)
    T5  1.00mm  0.039"  (21 holes)
    T6  1.02mm  0.040"  (10 holes)
    T7  1.52mm  0.060"  (4 holes)
    T8  1.78mm  0.070"  (4 holes)
    T9  2.50mm  0.098"  (2 holes)

    Total plated holes count 190


Drill file 'digiTOS-COMOD-SinBoard-routed-2-NPTH-drl.gbr' contains
    unplated through holes:
    =============================================================
    T1  4.30mm  0.169"  (4 holes)

    Total unplated holes count 4
